#
# There is insufficient memory for the Java Runtime Environment to continue.
# Native memory allocation (malloc) failed to allocate 1054096 bytes for Chunk::new
# Possible reasons:
#   The system is out of physical RAM or swap space
#   The process is running with CompressedOops enabled, and the Java Heap may be blocking the growth of the native heap
# Possible solutions:
#   Reduce memory load on the system
#   Increase physical memory or swap space
#   Check if swap backing store is full
#   Decrease Java heap size (-Xmx/-Xms)
#   Decrease number of Java threads
#   Decrease Java thread stack sizes (-Xss)
#   Set larger code cache with -XX:ReservedCodeCacheSize=
#   JVM is running with Unscaled Compressed Oops mode in which the Java heap is
#     placed in the first 4GB address space. The Java Heap base address is the
#     maximum limit for the native heap growth. Please use -XX:HeapBaseMinAddress
#     to set the Java Heap base and to place the Java Heap above 4GB virtual address.
# This output file may be truncated or incomplete.
#
#  Out of Memory Error (arena.cpp:189), pid=19488, tid=13540
#
# JRE version: OpenJDK Runtime Environment Temurin-17.0.6+10 (17.0.6+10) (build 17.0.6+10)
# Java VM: OpenJDK 64-Bit Server VM Temurin-17.0.6+10 (17.0.6+10, mixed mode, tiered, compressed oops, compressed class ptrs, g1 gc, windows-amd64)
# No core dump will be written. Minidumps are not enabled by default on client versions of Windows
#

---------------  S U M M A R Y ------------

Command Line: -Dfile.encoding=UTF-8 -XX:+ShowCodeDetailsInExceptionMessages com.quizApp.Quiz_app.QuizAppApplication

Host: AMD Ryzen 5 5600H with Radeon Graphics         , 12 cores, 7G,  Windows 11 , 64 bit Build 22621 (10.0.22621.2070)
Time: Sun Aug 20 23:21:12 2023 India Standard Time elapsed time: 7385.416345 seconds (0d 2h 3m 5s)

---------------  T H R E A D  ---------------

Current thread (0x0000014cf9843160):  JavaThread "C2 CompilerThread0" daemon [_thread_in_native, id=13540, stack(0x0000003247c00000,0x0000003247d00000)]


Current CompileTask:
C2:7385416 11827   !   4       org.springframework.transaction.support.AbstractPlatformTransactionManager::getTransaction (241 bytes)

Stack: [0x0000003247c00000,0x0000003247d00000]
Native frames: (J=compiled Java code, j=interpreted, Vv=VM code, C=native code)
V  [jvm.dll+0x67741a]
V  [jvm.dll+0x834434]
V  [jvm.dll+0x835bde]
V  [jvm.dll+0x836243]
V  [jvm.dll+0x2457b5]
V  [jvm.dll+0xabafc]
V  [jvm.dll+0xac0cc]
V  [jvm.dll+0x363492]
V  [jvm.dll+0x32dda1]
V  [jvm.dll+0x32d24a]
V  [jvm.dll+0x2185f1]
V  [jvm.dll+0x217a11]
V  [jvm.dll+0x1a3d0d]
V  [jvm.dll+0x22742a]
V  [jvm.dll+0x225565]
V  [jvm.dll+0x7ea2cb]
V  [jvm.dll+0x7e483a]
V  [jvm.dll+0x6762c5]
C  [ucrtbase.dll+0x29363]
C  [KERNEL32.DLL+0x126ad]
C  [ntdll.dll+0x5aa68]


---------------  P R O C E S S  ---------------

Threads class SMR info:
_java_thread_list=0x0000014cfdb648f0, length=31, elements={
0x0000014cf9813260, 0x0000014cf9813c10, 0x0000014cf8e5d310, 0x0000014cf8e5dcc0,
0x0000014cf8e5ec80, 0x0000014cf8e5f630, 0x0000014cf9843160, 0x0000014cf9843b10,
0x0000014cf9854cc0, 0x0000014cf999fd30, 0x0000014cf99bfe00, 0x0000014cfd49ed70,
0x0000014cfa35d1f0, 0x0000014cfde87d20, 0x0000014cfde881f0, 0x0000014cfde8b210,
0x0000014cfde8a870, 0x0000014cfde8d890, 0x0000014cfde8ad40, 0x0000014cfde8b6e0,
0x0000014cfde8ebd0, 0x0000014cfde89530, 0x0000014cfde89ed0, 0x0000014cfde89060,
0x0000014cfde8c080, 0x0000014cfde8a3a0, 0x0000014cfde8c550, 0x0000014cfde8dd60,
0x0000014cfde89a00, 0x0000014cfde8ca20, 0x0000014cfde8cef0
}

Java Threads: ( => current thread )
  0x0000014cf9813260 JavaThread "Reference Handler" daemon [_thread_blocked, id=18920, stack(0x0000003247600000,0x0000003247700000)]
  0x0000014cf9813c10 JavaThread "Finalizer" daemon [_thread_blocked, id=14136, stack(0x0000003247700000,0x0000003247800000)]
  0x0000014cf8e5d310 JavaThread "Signal Dispatcher" daemon [_thread_blocked, id=25988, stack(0x0000003247800000,0x0000003247900000)]
  0x0000014cf8e5dcc0 JavaThread "Attach Listener" daemon [_thread_blocked, id=19152, stack(0x0000003247900000,0x0000003247a00000)]
  0x0000014cf8e5ec80 JavaThread "Service Thread" daemon [_thread_blocked, id=1488, stack(0x0000003247a00000,0x0000003247b00000)]
  0x0000014cf8e5f630 JavaThread "Monitor Deflation Thread" daemon [_thread_blocked, id=16032, stack(0x0000003247b00000,0x0000003247c00000)]
=>0x0000014cf9843160 JavaThread "C2 CompilerThread0" daemon [_thread_in_native, id=13540, stack(0x0000003247c00000,0x0000003247d00000)]
  0x0000014cf9843b10 JavaThread "C1 CompilerThread0" daemon [_thread_blocked, id=21900, stack(0x0000003247d00000,0x0000003247e00000)]
  0x0000014cf9854cc0 JavaThread "Sweeper thread" daemon [_thread_blocked, id=15860, stack(0x0000003247e00000,0x0000003247f00000)]
  0x0000014cf999fd30 JavaThread "Notification Thread" daemon [_thread_blocked, id=14288, stack(0x0000003247f00000,0x0000003248000000)]
  0x0000014cf99bfe00 JavaThread "Common-Cleaner" daemon [_thread_blocked, id=15996, stack(0x0000003248100000,0x0000003248200000)]
  0x0000014cfd49ed70 JavaThread "mysql-cj-abandoned-connection-cleanup" daemon [_thread_blocked, id=9464, stack(0x0000003249100000,0x0000003249200000)]
  0x0000014cfa35d1f0 JavaThread "Live Reload Server" daemon [_thread_in_native, id=8732, stack(0x0000003249900000,0x0000003249a00000)]
  0x0000014cfde87d20 JavaThread "DestroyJavaVM" [_thread_blocked, id=2036, stack(0x0000003246f00000,0x0000003247000000)]
  0x0000014cfde881f0 JavaThread "HikariPool-2 housekeeper" daemon [_thread_blocked, id=20524, stack(0x0000003249200000,0x0000003249300000)]
  0x0000014cfde8b210 JavaThread "Catalina-utility-1" [_thread_blocked, id=16104, stack(0x0000003249300000,0x0000003249400000)]
  0x0000014cfde8a870 JavaThread "Catalina-utility-2" [_thread_blocked, id=16992, stack(0x0000003249400000,0x0000003249500000)]
  0x0000014cfde8d890 JavaThread "container-0" [_thread_blocked, id=24096, stack(0x0000003249500000,0x0000003249600000)]
  0x0000014cfde8ad40 JavaThread "File Watcher" daemon [_thread_blocked, id=9492, stack(0x0000003249700000,0x0000003249800000)]
  0x0000014cfde8b6e0 JavaThread "http-nio-8080-exec-1" daemon [_thread_blocked, id=26376, stack(0x0000003249800000,0x0000003249900000)]
  0x0000014cfde8ebd0 JavaThread "http-nio-8080-exec-2" daemon [_thread_blocked, id=25812, stack(0x0000003249a00000,0x0000003249b00000)]
  0x0000014cfde89530 JavaThread "http-nio-8080-exec-3" daemon [_thread_blocked, id=22312, stack(0x0000003249b00000,0x0000003249c00000)]
  0x0000014cfde89ed0 JavaThread "http-nio-8080-exec-4" daemon [_thread_blocked, id=19952, stack(0x0000003249c00000,0x0000003249d00000)]
  0x0000014cfde89060 JavaThread "http-nio-8080-exec-5" daemon [_thread_blocked, id=14448, stack(0x0000003249d00000,0x0000003249e00000)]
  0x0000014cfde8c080 JavaThread "http-nio-8080-exec-6" daemon [_thread_blocked, id=20020, stack(0x0000003249e00000,0x0000003249f00000)]
  0x0000014cfde8a3a0 JavaThread "http-nio-8080-exec-7" daemon [_thread_blocked, id=26000, stack(0x0000003249f00000,0x000000324a000000)]
  0x0000014cfde8c550 JavaThread "http-nio-8080-exec-8" daemon [_thread_blocked, id=24120, stack(0x000000324a000000,0x000000324a100000)]
  0x0000014cfde8dd60 JavaThread "http-nio-8080-exec-9" daemon [_thread_blocked, id=25732, stack(0x000000324a100000,0x000000324a200000)]
  0x0000014cfde89a00 JavaThread "http-nio-8080-exec-10" daemon [_thread_blocked, id=11140, stack(0x000000324a200000,0x000000324a300000)]
  0x0000014cfde8ca20 JavaThread "http-nio-8080-Poller" daemon [_thread_blocked, id=11540, stack(0x000000324a300000,0x000000324a400000)]
  0x0000014cfde8cef0 JavaThread "http-nio-8080-Acceptor" daemon [_thread_blocked, id=22408, stack(0x000000324a400000,0x000000324a500000)]

Other Threads:
  0x0000014cf8e4c6f0 VMThread "VM Thread" [stack: 0x0000003247500000,0x0000003247600000] [id=12544]
  0x0000014cee05db60 WatcherThread [stack: 0x0000003248000000,0x0000003248100000] [id=26076]
  0x0000014cee03e540 GCTaskThread "GC Thread#0" [stack: 0x0000003247000000,0x0000003247100000] [id=22332]
  0x0000014cf9aead50 GCTaskThread "GC Thread#1" [stack: 0x0000003248500000,0x0000003248600000] [id=20712]
  0x0000014cfa2300e0 GCTaskThread "GC Thread#2" [stack: 0x0000003248600000,0x0000003248700000] [id=19712]
  0x0000014cfa1b5140 GCTaskThread "GC Thread#3" [stack: 0x0000003248700000,0x0000003248800000] [id=11932]
  0x0000014cfa3c30e0 GCTaskThread "GC Thread#4" [stack: 0x0000003248800000,0x0000003248900000] [id=20496]
  0x0000014cfa06fcf0 GCTaskThread "GC Thread#5" [stack: 0x0000003248900000,0x0000003248a00000] [id=20052]
  0x0000014cfb7349a0 GCTaskThread "GC Thread#6" [stack: 0x0000003248b00000,0x0000003248c00000] [id=10656]
  0x0000014cfb79ce70 GCTaskThread "GC Thread#7" [stack: 0x0000003248c00000,0x0000003248d00000] [id=23816]
  0x0000014cfb82c4e0 GCTaskThread "GC Thread#8" [stack: 0x0000003248d00000,0x0000003248e00000] [id=24892]
  0x0000014cfb82c790 GCTaskThread "GC Thread#9" [stack: 0x0000003248e00000,0x0000003248f00000] [id=21596]
  0x0000014cee04e880 ConcurrentGCThread "G1 Main Marker" [stack: 0x0000003247100000,0x0000003247200000] [id=24520]
  0x0000014cee04f290 ConcurrentGCThread "G1 Conc#0" [stack: 0x0000003247200000,0x0000003247300000] [id=26052]
  0x0000014cfb93ef00 ConcurrentGCThread "G1 Conc#1" [stack: 0x0000003248f00000,0x0000003249000000] [id=3664]
  0x0000014cfb93f1b0 ConcurrentGCThread "G1 Conc#2" [stack: 0x0000003249000000,0x0000003249100000] [id=5540]
  0x0000014cf8ca34d0 ConcurrentGCThread "G1 Refine#0" [stack: 0x0000003247300000,0x0000003247400000] [id=904]
  0x0000014cee09cd60 ConcurrentGCThread "G1 Service" [stack: 0x0000003247400000,0x0000003247500000] [id=3740]

Threads with active compile tasks:
C2 CompilerThread0  7385480 11827   !   4       org.springframework.transaction.support.AbstractPlatformTransactionManager::getTransaction (241 bytes)

VM state: at safepoint (normal execution)

VM Mutex/Monitor currently owned by a thread:  ([mutex/lock_event])
[0x0000014cedfdf720] Threads_lock - owner thread: 0x0000014cf8e4c6f0
[0x0000014cedfe00b0] Heap_lock - owner thread: 0x0000014cfde8c080

Heap address: 0x000000008a800000, size: 1880 MB, Compressed Oops mode: 32-bit

CDS archive(s) not mapped
Compressed class space mapped at: 0x0000000100000000-0x0000000140000000, reserved size: 1073741824
Narrow klass base: 0x0000000000000000, Narrow klass shift: 3, Narrow klass range: 0x140000000

GC Precious Log:
 CPUs: 12 total, 12 available
 Memory: 7519M
 Large Page Support: Disabled
 NUMA Support: Disabled
 Compressed Oops: Enabled (32-bit)
 Heap Region Size: 1M
 Heap Min Capacity: 8M
 Heap Initial Capacity: 118M
 Heap Max Capacity: 1880M
 Pre-touch: Disabled
 Parallel Workers: 10
 Concurrent Workers: 3
 Concurrent Refinement Workers: 10
 Periodic GC: Disabled

Heap:
 garbage-first heap   total 112640K, used 28613K [0x000000008a800000, 0x0000000100000000)
  region size 1024K, 1 young (1024K), 1 survivors (1024K)
 Metaspace       used 82776K, committed 83328K, reserved 1122304K
  class space    used 10161K, committed 10496K, reserved 1048576K

Heap Regions: E=young(eden), S=young(survivor), O=old, HS=humongous(starts), HC=humongous(continues), CS=collection set, F=free, OA=open archive, CA=closed archive, TAMS=top-at-mark-start (previous, next)
|   0|0x000000008a800000, 0x000000008a900000, 0x000000008a900000|100%|HS|  |TAMS 0x000000008a900000, 0x000000008a900000| Complete 
|   1|0x000000008a900000, 0x000000008aa00000, 0x000000008aa00000|100%| O|  |TAMS 0x000000008aa00000, 0x000000008aa00000| Untracked 
|   2|0x000000008aa00000, 0x000000008ab00000, 0x000000008ab00000|100%| O|  |TAMS 0x000000008ab00000, 0x000000008ab00000| Untracked 
|   3|0x000000008ab00000, 0x000000008abfffd0, 0x000000008ac00000| 99%| O|  |TAMS 0x000000008abfffd0, 0x000000008abfffd0| Untracked 
|   4|0x000000008ac00000, 0x000000008ad00000, 0x000000008ad00000|100%| O|  |TAMS 0x000000008ad00000, 0x000000008ad00000| Untracked 
|   5|0x000000008ad00000, 0x000000008ae00000, 0x000000008ae00000|100%| O|  |TAMS 0x000000008ae00000, 0x000000008ae00000| Untracked 
|   6|0x000000008ae00000, 0x000000008af00000, 0x000000008af00000|100%| O|  |TAMS 0x000000008af00000, 0x000000008af00000| Untracked 
|   7|0x000000008af00000, 0x000000008affca20, 0x000000008b000000| 98%| O|  |TAMS 0x000000008affca20, 0x000000008affca20| Untracked 
|   8|0x000000008b000000, 0x000000008b100000, 0x000000008b100000|100%| O|  |TAMS 0x000000008b100000, 0x000000008b100000| Untracked 
|   9|0x000000008b100000, 0x000000008b1fffc8, 0x000000008b200000| 99%| O|  |TAMS 0x000000008b1fffc8, 0x000000008b1fffc8| Untracked 
|  10|0x000000008b200000, 0x000000008b2ffff0, 0x000000008b300000| 99%| O|  |TAMS 0x000000008b2ffff0, 0x000000008b2ffff0| Untracked 
|  11|0x000000008b300000, 0x000000008b3ffff8, 0x000000008b400000| 99%| O|  |TAMS 0x000000008b3ffff8, 0x000000008b3ffff8| Untracked 
|  12|0x000000008b400000, 0x000000008b4ffff0, 0x000000008b500000| 99%| O|  |TAMS 0x000000008b4ffff0, 0x000000008b4ffff0| Untracked 
|  13|0x000000008b500000, 0x000000008b5ffff0, 0x000000008b600000| 99%| O|  |TAMS 0x000000008b5ffff0, 0x000000008b5ffff0| Untracked 
|  14|0x000000008b600000, 0x000000008b6fffd8, 0x000000008b700000| 99%| O|  |TAMS 0x000000008b6fffd8, 0x000000008b6fffd8| Untracked 
|  15|0x000000008b700000, 0x000000008b7f5400, 0x000000008b800000| 95%| O|  |TAMS 0x000000008b71dc00, 0x000000008b7f1a00| Untracked 
|  16|0x000000008b800000, 0x000000008b8fffd0, 0x000000008b900000| 99%| O|  |TAMS 0x000000008b8fffd0, 0x000000008b8fffd0| Untracked 
|  17|0x000000008b900000, 0x000000008b9fffe8, 0x000000008ba00000| 99%| O|  |TAMS 0x000000008b9fffe8, 0x000000008b9fffe8| Untracked 
|  18|0x000000008ba00000, 0x000000008ba00000, 0x000000008bb00000|  0%| F|  |TAMS 0x000000008ba00000, 0x000000008ba00000| Untracked 
|  19|0x000000008bb00000, 0x000000008bc00000, 0x000000008bc00000|100%| O|  |TAMS 0x000000008bc00000, 0x000000008bc00000| Untracked 
|  20|0x000000008bc00000, 0x000000008bcfffe0, 0x000000008bd00000| 99%| O|  |TAMS 0x000000008bcfffe0, 0x000000008bcfffe0| Untracked 
|  21|0x000000008bd00000, 0x000000008bde0b20, 0x000000008be00000| 87%| O|  |TAMS 0x000000008bde0b20, 0x000000008bde0b20| Untracked 
|  22|0x000000008be00000, 0x000000008bf00000, 0x000000008bf00000|100%| O|  |TAMS 0x000000008bf00000, 0x000000008bf00000| Untracked 
|  23|0x000000008bf00000, 0x000000008c000000, 0x000000008c000000|100%| O|  |TAMS 0x000000008c000000, 0x000000008c000000| Untracked 
|  24|0x000000008c000000, 0x000000008c100000, 0x000000008c100000|100%| O|  |TAMS 0x000000008c100000, 0x000000008c100000| Untracked 
|  25|0x000000008c100000, 0x000000008c200000, 0x000000008c200000|100%| O|  |TAMS 0x000000008c200000, 0x000000008c200000| Untracked 
|  26|0x000000008c200000, 0x000000008c300000, 0x000000008c300000|100%| O|  |TAMS 0x000000008c300000, 0x000000008c300000| Untracked 
|  27|0x000000008c300000, 0x000000008c300000, 0x000000008c400000|  0%| F|  |TAMS 0x000000008c300000, 0x000000008c300000| Untracked 
|  28|0x000000008c400000, 0x000000008c400000, 0x000000008c500000|  0%| F|  |TAMS 0x000000008c400000, 0x000000008c400000| Untracked 
|  29|0x000000008c500000, 0x000000008c500000, 0x000000008c600000|  0%| F|  |TAMS 0x000000008c500000, 0x000000008c500000| Untracked 
|  30|0x000000008c600000, 0x000000008c700000, 0x000000008c700000|100%| O|  |TAMS 0x000000008c700000, 0x000000008c700000| Untracked 
|  31|0x000000008c700000, 0x000000008c700000, 0x000000008c800000|  0%| F|  |TAMS 0x000000008c700000, 0x000000008c700000| Untracked 
|  32|0x000000008c800000, 0x000000008c900000, 0x000000008c900000|100%| O|  |TAMS 0x000000008c900000, 0x000000008c900000| Untracked 
|  33|0x000000008c900000, 0x000000008c900000, 0x000000008ca00000|  0%| F|  |TAMS 0x000000008c900000, 0x000000008c900000| Untracked 
|  34|0x000000008ca00000, 0x000000008ca00000, 0x000000008cb00000|  0%| F|  |TAMS 0x000000008ca00000, 0x000000008ca00000| Untracked 
|  35|0x000000008cb00000, 0x000000008cb00000, 0x000000008cc00000|  0%| F|  |TAMS 0x000000008cb00000, 0x000000008cb00000| Untracked 
|  36|0x000000008cc00000, 0x000000008cc00000, 0x000000008cd00000|  0%| F|  |TAMS 0x000000008cc00000, 0x000000008cc00000| Untracked 
|  37|0x000000008cd00000, 0x000000008cd00000, 0x000000008ce00000|  0%| F|  |TAMS 0x000000008cd00000, 0x000000008cd00000| Untracked 
|  38|0x000000008ce00000, 0x000000008ce00000, 0x000000008cf00000|  0%| F|  |TAMS 0x000000008ce00000, 0x000000008ce00000| Untracked 
|  39|0x000000008cf00000, 0x000000008cf00000, 0x000000008d000000|  0%| F|  |TAMS 0x000000008cf00000, 0x000000008cf00000| Untracked 
|  40|0x000000008d000000, 0x000000008d000000, 0x000000008d100000|  0%| F|  |TAMS 0x000000008d000000, 0x000000008d000000| Untracked 
|  41|0x000000008d100000, 0x000000008d100000, 0x000000008d200000|  0%| F|  |TAMS 0x000000008d100000, 0x000000008d100000| Untracked 
|  42|0x000000008d200000, 0x000000008d200000, 0x000000008d300000|  0%| F|  |TAMS 0x000000008d200000, 0x000000008d200000| Untracked 
|  43|0x000000008d300000, 0x000000008d31eea0, 0x000000008d400000| 12%| S|CS|TAMS 0x000000008d300000, 0x000000008d300000| Complete 
|  44|0x000000008d400000, 0x000000008d400000, 0x000000008d500000|  0%| F|  |TAMS 0x000000008d400000, 0x000000008d400000| Untracked 
|  45|0x000000008d500000, 0x000000008d500000, 0x000000008d600000|  0%| F|  |TAMS 0x000000008d500000, 0x000000008d500000| Untracked 
|  46|0x000000008d600000, 0x000000008d600000, 0x000000008d700000|  0%| F|  |TAMS 0x000000008d600000, 0x000000008d600000| Untracked 
|  47|0x000000008d700000, 0x000000008d700000, 0x000000008d800000|  0%| F|  |TAMS 0x000000008d700000, 0x000000008d700000| Untracked 
|  48|0x000000008d800000, 0x000000008d800000, 0x000000008d900000|  0%| F|  |TAMS 0x000000008d800000, 0x000000008d800000| Untracked 
|  49|0x000000008d900000, 0x000000008d900000, 0x000000008da00000|  0%| F|  |TAMS 0x000000008d900000, 0x000000008d900000| Untracked 
|  50|0x000000008da00000, 0x000000008da00000, 0x000000008db00000|  0%| F|  |TAMS 0x000000008da00000, 0x000000008da00000| Untracked 
|  51|0x000000008db00000, 0x000000008db00000, 0x000000008dc00000|  0%| F|  |TAMS 0x000000008db00000, 0x000000008db00000| Untracked 
|  52|0x000000008dc00000, 0x000000008dc00000, 0x000000008dd00000|  0%| F|  |TAMS 0x000000008dc00000, 0x000000008dc00000| Untracked 
|  53|0x000000008dd00000, 0x000000008dd00000, 0x000000008de00000|  0%| F|  |TAMS 0x000000008dd00000, 0x000000008dd00000| Untracked 
|  54|0x000000008de00000, 0x000000008de00000, 0x000000008df00000|  0%| F|  |TAMS 0x000000008de00000, 0x000000008de00000| Untracked 
|  55|0x000000008df00000, 0x000000008df00000, 0x000000008e000000|  0%| F|  |TAMS 0x000000008df00000, 0x000000008df00000| Untracked 
|  56|0x000000008e000000, 0x000000008e000000, 0x000000008e100000|  0%| F|  |TAMS 0x000000008e000000, 0x000000008e000000| Untracked 
|  57|0x000000008e100000, 0x000000008e100000, 0x000000008e200000|  0%| F|  |TAMS 0x000000008e100000, 0x000000008e100000| Untracked 
|  58|0x000000008e200000, 0x000000008e200000, 0x000000008e300000|  0%| F|  |TAMS 0x000000008e200000, 0x000000008e200000| Untracked 
|  59|0x000000008e300000, 0x000000008e300000, 0x000000008e400000|  0%| F|  |TAMS 0x000000008e300000, 0x000000008e300000| Untracked 
|  60|0x000000008e400000, 0x000000008e400000, 0x000000008e500000|  0%| F|  |TAMS 0x000000008e400000, 0x000000008e400000| Untracked 
|  61|0x000000008e500000, 0x000000008e500000, 0x000000008e600000|  0%| F|  |TAMS 0x000000008e500000, 0x000000008e500000| Untracked 
|  62|0x000000008e600000, 0x000000008e600000, 0x000000008e700000|  0%| F|  |TAMS 0x000000008e600000, 0x000000008e600000| Untracked 
|  63|0x000000008e700000, 0x000000008e700000, 0x000000008e800000|  0%| F|  |TAMS 0x000000008e700000, 0x000000008e700000| Untracked 
|  64|0x000000008e800000, 0x000000008e800000, 0x000000008e900000|  0%| F|  |TAMS 0x000000008e800000, 0x000000008e800000| Untracked 
|  65|0x000000008e900000, 0x000000008e900000, 0x000000008ea00000|  0%| F|  |TAMS 0x000000008e900000, 0x000000008e900000| Untracked 
|  66|0x000000008ea00000, 0x000000008ea00000, 0x000000008eb00000|  0%| F|  |TAMS 0x000000008ea00000, 0x000000008ea00000| Untracked 
|  67|0x000000008eb00000, 0x000000008eb00000, 0x000000008ec00000|  0%| F|  |TAMS 0x000000008eb00000, 0x000000008eb00000| Untracked 
|  68|0x000000008ec00000, 0x000000008ec00000, 0x000000008ed00000|  0%| F|  |TAMS 0x000000008ec00000, 0x000000008ec00000| Untracked 
|  69|0x000000008ed00000, 0x000000008ed00000, 0x000000008ee00000|  0%| F|  |TAMS 0x000000008ed00000, 0x000000008ed00000| Untracked 
|  70|0x000000008ee00000, 0x000000008ee00000, 0x000000008ef00000|  0%| F|  |TAMS 0x000000008ee00000, 0x000000008ee00000| Untracked 
|  71|0x000000008ef00000, 0x000000008ef00000, 0x000000008f000000|  0%| F|  |TAMS 0x000000008ef00000, 0x000000008ef00000| Untracked 
|  72|0x000000008f000000, 0x000000008f000000, 0x000000008f100000|  0%| F|  |TAMS 0x000000008f000000, 0x000000008f000000| Untracked 
|  73|0x000000008f100000, 0x000000008f100000, 0x000000008f200000|  0%| F|  |TAMS 0x000000008f100000, 0x000000008f100000| Untracked 
|  74|0x000000008f200000, 0x000000008f200000, 0x000000008f300000|  0%| F|  |TAMS 0x000000008f200000, 0x000000008f200000| Untracked 
|  75|0x000000008f300000, 0x000000008f300000, 0x000000008f400000|  0%| F|  |TAMS 0x000000008f300000, 0x000000008f300000| Untracked 
|  76|0x000000008f400000, 0x000000008f400000, 0x000000008f500000|  0%| F|  |TAMS 0x000000008f400000, 0x000000008f400000| Untracked 
|  77|0x000000008f500000, 0x000000008f500000, 0x000000008f600000|  0%| F|  |TAMS 0x000000008f500000, 0x000000008f500000| Untracked 
|  78|0x000000008f600000, 0x000000008f600000, 0x000000008f700000|  0%| F|  |TAMS 0x000000008f600000, 0x000000008f600000| Untracked 
|  79|0x000000008f700000, 0x000000008f700000, 0x000000008f800000|  0%| F|  |TAMS 0x000000008f700000, 0x000000008f700000| Untracked 
|  80|0x000000008f800000, 0x000000008f800000, 0x000000008f900000|  0%| F|  |TAMS 0x000000008f800000, 0x000000008f800000| Untracked 
|  81|0x000000008f900000, 0x000000008f900000, 0x000000008fa00000|  0%| F|  |TAMS 0x000000008f900000, 0x000000008f900000| Untracked 
|  82|0x000000008fa00000, 0x000000008fa00000, 0x000000008fb00000|  0%| F|  |TAMS 0x000000008fa00000, 0x000000008fa00000| Untracked 
|  83|0x000000008fb00000, 0x000000008fb00000, 0x000000008fc00000|  0%| F|  |TAMS 0x000000008fb00000, 0x000000008fb00000| Untracked 
|  84|0x000000008fc00000, 0x000000008fc00000, 0x000000008fd00000|  0%| F|  |TAMS 0x000000008fc00000, 0x000000008fc00000| Untracked 
|  85|0x000000008fd00000, 0x000000008fd00000, 0x000000008fe00000|  0%| F|  |TAMS 0x000000008fd00000, 0x000000008fd00000| Untracked 
|  86|0x000000008fe00000, 0x000000008fe00000, 0x000000008ff00000|  0%| F|  |TAMS 0x000000008fe00000, 0x000000008fe00000| Untracked 
|  87|0x000000008ff00000, 0x000000008ff00000, 0x0000000090000000|  0%| F|  |TAMS 0x000000008ff00000, 0x000000008ff00000| Untracked 
|  88|0x0000000090000000, 0x0000000090000000, 0x0000000090100000|  0%| F|  |TAMS 0x0000000090000000, 0x0000000090000000| Untracked 
|  89|0x0000000090100000, 0x0000000090100000, 0x0000000090200000|  0%| F|  |TAMS 0x0000000090100000, 0x0000000090100000| Untracked 
|  90|0x0000000090200000, 0x0000000090200000, 0x0000000090300000|  0%| F|  |TAMS 0x0000000090200000, 0x0000000090200000| Untracked 
|  91|0x0000000090300000, 0x0000000090300000, 0x0000000090400000|  0%| F|  |TAMS 0x0000000090300000, 0x0000000090300000| Untracked 
|  92|0x0000000090400000, 0x0000000090400000, 0x0000000090500000|  0%| F|  |TAMS 0x0000000090400000, 0x0000000090400000| Untracked 
|  93|0x0000000090500000, 0x0000000090500000, 0x0000000090600000|  0%| F|  |TAMS 0x0000000090500000, 0x0000000090500000| Untracked 
|  94|0x0000000090600000, 0x0000000090600000, 0x0000000090700000|  0%| F|  |TAMS 0x0000000090600000, 0x0000000090600000| Untracked 
|  95|0x0000000090700000, 0x0000000090700000, 0x0000000090800000|  0%| F|  |TAMS 0x0000000090700000, 0x0000000090700000| Untracked 
|  96|0x0000000090800000, 0x0000000090800000, 0x0000000090900000|  0%| F|  |TAMS 0x0000000090800000, 0x0000000090800000| Untracked 
|  97|0x0000000090900000, 0x0000000090900000, 0x0000000090a00000|  0%| F|  |TAMS 0x0000000090900000, 0x0000000090900000| Untracked 
|  98|0x0000000090a00000, 0x0000000090a00000, 0x0000000090b00000|  0%| F|  |TAMS 0x0000000090a00000, 0x0000000090a00000| Untracked 
|  99|0x0000000090b00000, 0x0000000090b00000, 0x0000000090c00000|  0%| F|  |TAMS 0x0000000090b00000, 0x0000000090b00000| Untracked 
| 100|0x0000000090c00000, 0x0000000090c00000, 0x0000000090d00000|  0%| F|  |TAMS 0x0000000090c00000, 0x0000000090c00000| Untracked 
| 101|0x0000000090d00000, 0x0000000090d00000, 0x0000000090e00000|  0%| F|  |TAMS 0x0000000090d00000, 0x0000000090d00000| Untracked 
| 102|0x0000000090e00000, 0x0000000090e00000, 0x0000000090f00000|  0%| F|  |TAMS 0x0000000090e00000, 0x0000000090e00000| Untracked 
| 103|0x0000000090f00000, 0x0000000090f00000, 0x0000000091000000|  0%| F|  |TAMS 0x0000000090f00000, 0x0000000090f00000| Untracked 
| 104|0x0000000091000000, 0x0000000091000000, 0x0000000091100000|  0%| F|  |TAMS 0x0000000091000000, 0x0000000091000000| Untracked 
| 105|0x0000000091100000, 0x0000000091100000, 0x0000000091200000|  0%| F|  |TAMS 0x0000000091100000, 0x0000000091100000| Untracked 
| 106|0x0000000091200000, 0x0000000091200000, 0x0000000091300000|  0%| F|  |TAMS 0x0000000091200000, 0x0000000091200000| Untracked 
| 192|0x0000000096800000, 0x0000000096800000, 0x0000000096900000|  0%| F|  |TAMS 0x0000000096800000, 0x0000000096800000| Untracked 
| 205|0x0000000097500000, 0x0000000097500000, 0x0000000097600000|  0%| F|  |TAMS 0x0000000097500000, 0x0000000097500000| Untracked 
| 206|0x0000000097600000, 0x0000000097600000, 0x0000000097700000|  0%| F|  |TAMS 0x0000000097600000, 0x0000000097600000| Untracked 

Card table byte_map: [0x0000014cf1fb0000,0x0000014cf2360000] _byte_map_base: 0x0000014cf1b5c000

Marking Bits (Prev, Next): (CMBitMap*) 0x0000014cee03eb90, (CMBitMap*) 0x0000014cee03eb50
 Prev Bits: [0x0000014cf4470000, 0x0000014cf61d0000)
 Next Bits: [0x0000014cf2710000, 0x0000014cf4470000)

Polling page: 0x0000014cebf30000

Metaspace:

Usage:
  Non-class:     70.91 MB used.
      Class:      9.92 MB used.
       Both:     80.84 MB used.

Virtual space:
  Non-class space:       72.00 MB reserved,      71.12 MB ( 99%) committed,  9 nodes.
      Class space:        1.00 GB reserved,      10.25 MB (  1%) committed,  1 nodes.
             Both:        1.07 GB reserved,      81.38 MB (  7%) committed. 

Chunk freelists:
   Non-Class:  320.00 KB
       Class:  1.84 MB
        Both:  2.15 MB

MaxMetaspaceSize: unlimited
CompressedClassSpaceSize: 1.00 GB
Initial GC threshold: 21.00 MB
Current GC threshold: 135.56 MB
CDS: off
MetaspaceReclaimPolicy: balanced
 - commit_granule_bytes: 65536.
 - commit_granule_words: 8192.
 - virtual_space_node_default_size: 1048576.
 - enlarge_chunks_in_place: 1.
 - new_chunks_are_fully_committed: 0.
 - uncommit_free_chunks: 1.
 - use_allocation_guard: 0.
 - handle_deallocations: 1.


Internal statistics:

num_allocs_failed_limit: 8.
num_arena_births: 784.
num_arena_deaths: 206.
num_vsnodes_births: 10.
num_vsnodes_deaths: 0.
num_space_committed: 1302.
num_space_uncommitted: 0.
num_chunks_returned_to_freelist: 241.
num_chunks_taken_from_freelist: 3452.
num_chunk_merges: 82.
num_chunk_splits: 2465.
num_chunks_enlarged: 1962.
num_purges: 6.
num_inconsistent_stats: 0.

CodeHeap 'non-profiled nmethods': size=120000Kb used=10576Kb max_used=10576Kb free=109424Kb
 bounds [0x0000014c87ad0000, 0x0000014c88530000, 0x0000014c8f000000]
CodeHeap 'profiled nmethods': size=120000Kb used=17449Kb max_used=20373Kb free=102550Kb
 bounds [0x0000014c80000000, 0x0000014c813f0000, 0x0000014c87530000]
CodeHeap 'non-nmethods': size=5760Kb used=1355Kb max_used=1430Kb free=4404Kb
 bounds [0x0000014c87530000, 0x0000014c877a0000, 0x0000014c87ad0000]
 total_blobs=10156 nmethods=9465 adapters=602
 compilation: enabled
              stopped_count=0, restarted_count=0
 full_count=0

Compilation events (20 events):
Event: 7384.793 Thread 0x0000014cf9843160 nmethod 11821 0x0000014c8850fa10 code [0x0000014c8850fba0, 0x0000014c88510338]
Event: 7384.793 Thread 0x0000014cf9843160 11823       4       org.springframework.web.util.UrlPathHelper::getOriginatingRequestUri (46 bytes)
Event: 7384.811 Thread 0x0000014cf9843160 nmethod 11823 0x0000014c88510510 code [0x0000014c88510720, 0x0000014c88510f68]
Event: 7384.811 Thread 0x0000014cf9843160 11824       4       com.fasterxml.jackson.core.io.NumberOutput::_leading3 (50 bytes)
Event: 7384.813 Thread 0x0000014cf9843160 nmethod 11824 0x0000014c88511610 code [0x0000014c885117a0, 0x0000014c88511918]
Event: 7384.813 Thread 0x0000014cf9843160 11825       4       org.springframework.transaction.interceptor.TransactionAspectSupport::createTransactionIfNecessary (84 bytes)
Event: 7385.106 Thread 0x0000014cf9843160 nmethod 11825 0x0000014c88511a90 code [0x0000014c88512040, 0x0000014c88517478]
Event: 7385.106 Thread 0x0000014cf9843160 11826   !   4       org.springframework.transaction.interceptor.TransactionAspectSupport::invokeWithinTransaction (521 bytes)
Event: 7385.204 Thread 0x0000014cf9843160 nmethod 11826 0x0000014c8851aa90 code [0x0000014c8851ade0, 0x0000014c8851cd58]
Event: 7385.204 Thread 0x0000014cf9843160 11828       4       org.springframework.transaction.interceptor.TransactionAspectSupport::determineTransactionManager (124 bytes)
Event: 7385.233 Thread 0x0000014cf9843160 nmethod 11828 0x0000014c8851ee10 code [0x0000014c8851f020, 0x0000014c8851f970]
Event: 7385.233 Thread 0x0000014cf9843160 11816   !   4       jdk.internal.reflect.GeneratedMethodAccessor39::invoke (65 bytes)
Event: 7385.251 Thread 0x0000014cf9843160 nmethod 11816 0x0000014c88520290 code [0x0000014c88520500, 0x0000014c88520d90]
Event: 7385.252 Thread 0x0000014cf9843160 11817       4       org.hibernate.internal.util.collections.StandardStack::pop (44 bytes)
Event: 7385.254 Thread 0x0000014cf9843160 nmethod 11817 0x0000014c88521690 code [0x0000014c88521800, 0x0000014c88521918]
Event: 7385.254 Thread 0x0000014cf9843160 11829   !   4       org.hibernate.resource.jdbc.internal.ResourceRegistryStandardImpl::register (136 bytes)
Event: 7385.279 Thread 0x0000014cf9843b10 11834       2       java.lang.ReflectiveOperationException::<init> (6 bytes)
Event: 7385.280 Thread 0x0000014cf9843b10 nmethod 11834 0x0000014c8018c910 code [0x0000014c8018caa0, 0x0000014c8018cbc8]
Event: 7385.300 Thread 0x0000014cf9843160 nmethod 11829 0x0000014c88521a10 code [0x0000014c88521ca0, 0x0000014c88523200]
Event: 7385.300 Thread 0x0000014cf9843160 11827   !   4       org.springframework.transaction.support.AbstractPlatformTransactionManager::getTransaction (241 bytes)

GC Heap History (20 events):
Event: 7379.812 GC heap before
{Heap before GC invocations=107 (full 1):
 garbage-first heap   total 116736K, used 32018K [0x000000008a800000, 0x0000000100000000)
  region size 1024K, 5 young (5120K), 1 survivors (1024K)
 Metaspace       used 82768K, committed 83328K, reserved 1122304K
  class space    used 10160K, committed 10496K, reserved 1048576K
}
Event: 7379.814 GC heap after
{Heap after GC invocations=108 (full 1):
 garbage-first heap   total 116736K, used 28946K [0x000000008a800000, 0x0000000100000000)
  region size 1024K, 1 young (1024K), 1 survivors (1024K)
 Metaspace       used 82768K, committed 83328K, reserved 1122304K
  class space    used 10160K, committed 10496K, reserved 1048576K
}
Event: 7380.673 GC heap before
{Heap before GC invocations=108 (full 1):
 garbage-first heap   total 116736K, used 96530K [0x000000008a800000, 0x0000000100000000)
  region size 1024K, 68 young (69632K), 1 survivors (1024K)
 Metaspace       used 82768K, committed 83328K, reserved 1122304K
  class space    used 10160K, committed 10496K, reserved 1048576K
}
Event: 7380.675 GC heap after
{Heap after GC invocations=109 (full 1):
 garbage-first heap   total 116736K, used 28956K [0x000000008a800000, 0x0000000100000000)
  region size 1024K, 1 young (1024K), 1 survivors (1024K)
 Metaspace       used 82768K, committed 83328K, reserved 1122304K
  class space    used 10160K, committed 10496K, reserved 1048576K
}
Event: 7381.523 GC heap before
{Heap before GC invocations=110 (full 1):
 garbage-first heap   total 112640K, used 94492K [0x000000008a800000, 0x0000000100000000)
  region size 1024K, 66 young (67584K), 1 survivors (1024K)
 Metaspace       used 82768K, committed 83328K, reserved 1122304K
  class space    used 10160K, committed 10496K, reserved 1048576K
}
Event: 7381.524 GC heap after
{Heap after GC invocations=111 (full 1):
 garbage-first heap   total 112640K, used 28956K [0x000000008a800000, 0x0000000100000000)
  region size 1024K, 1 young (1024K), 1 survivors (1024K)
 Metaspace       used 82768K, committed 83328K, reserved 1122304K
  class space    used 10160K, committed 10496K, reserved 1048576K
}
Event: 7381.571 GC heap before
{Heap before GC invocations=111 (full 1):
 garbage-first heap   total 112640K, used 32028K [0x000000008a800000, 0x0000000100000000)
  region size 1024K, 5 young (5120K), 1 survivors (1024K)
 Metaspace       used 82768K, committed 83328K, reserved 1122304K
  class space    used 10160K, committed 10496K, reserved 1048576K
}
Event: 7381.572 GC heap after
{Heap after GC invocations=112 (full 1):
 garbage-first heap   total 112640K, used 28941K [0x000000008a800000, 0x0000000100000000)
  region size 1024K, 1 young (1024K), 1 survivors (1024K)
 Metaspace       used 82768K, committed 83328K, reserved 1122304K
  class space    used 10160K, committed 10496K, reserved 1048576K
}
Event: 7382.357 GC heap before
{Heap before GC invocations=112 (full 1):
 garbage-first heap   total 112640K, used 94477K [0x000000008a800000, 0x0000000100000000)
  region size 1024K, 66 young (67584K), 1 survivors (1024K)
 Metaspace       used 82770K, committed 83328K, reserved 1122304K
  class space    used 10161K, committed 10496K, reserved 1048576K
}
Event: 7382.360 GC heap after
{Heap after GC invocations=113 (full 1):
 garbage-first heap   total 112640K, used 29000K [0x000000008a800000, 0x0000000100000000)
  region size 1024K, 1 young (1024K), 1 survivors (1024K)
 Metaspace       used 82770K, committed 83328K, reserved 1122304K
  class space    used 10161K, committed 10496K, reserved 1048576K
}
Event: 7383.115 GC heap before
{Heap before GC invocations=114 (full 1):
 garbage-first heap   total 112640K, used 94536K [0x000000008a800000, 0x0000000100000000)
  region size 1024K, 66 young (67584K), 1 survivors (1024K)
 Metaspace       used 82770K, committed 83328K, reserved 1122304K
  class space    used 10161K, committed 10496K, reserved 1048576K
}
Event: 7383.116 GC heap after
{Heap after GC invocations=115 (full 1):
 garbage-first heap   total 112640K, used 28948K [0x000000008a800000, 0x0000000100000000)
  region size 1024K, 1 young (1024K), 1 survivors (1024K)
 Metaspace       used 82770K, committed 83328K, reserved 1122304K
  class space    used 10161K, committed 10496K, reserved 1048576K
}
Event: 7383.161 GC heap before
{Heap before GC invocations=115 (full 1):
 garbage-first heap   total 112640K, used 32020K [0x000000008a800000, 0x0000000100000000)
  region size 1024K, 5 young (5120K), 1 survivors (1024K)
 Metaspace       used 82770K, committed 83328K, reserved 1122304K
  class space    used 10161K, committed 10496K, reserved 1048576K
}
Event: 7383.165 GC heap after
{Heap after GC invocations=116 (full 1):
 garbage-first heap   total 112640K, used 28768K [0x000000008a800000, 0x0000000100000000)
  region size 1024K, 1 young (1024K), 1 survivors (1024K)
 Metaspace       used 82770K, committed 83328K, reserved 1122304K
  class space    used 10161K, committed 10496K, reserved 1048576K
}
Event: 7383.926 GC heap before
{Heap before GC invocations=116 (full 1):
 garbage-first heap   total 112640K, used 94304K [0x000000008a800000, 0x0000000100000000)
  region size 1024K, 66 young (67584K), 1 survivors (1024K)
 Metaspace       used 82770K, committed 83328K, reserved 1122304K
  class space    used 10161K, committed 10496K, reserved 1048576K
}
Event: 7383.928 GC heap after
{Heap after GC invocations=117 (full 1):
 garbage-first heap   total 112640K, used 28859K [0x000000008a800000, 0x0000000100000000)
  region size 1024K, 1 young (1024K), 1 survivors (1024K)
 Metaspace       used 82770K, committed 83328K, reserved 1122304K
  class space    used 10161K, committed 10496K, reserved 1048576K
}
Event: 7384.708 GC heap before
{Heap before GC invocations=118 (full 1):
 garbage-first heap   total 112640K, used 94395K [0x000000008a800000, 0x0000000100000000)
  region size 1024K, 66 young (67584K), 1 survivors (1024K)
 Metaspace       used 82776K, committed 83328K, reserved 1122304K
  class space    used 10161K, committed 10496K, reserved 1048576K
}
Event: 7384.709 GC heap after
{Heap after GC invocations=119 (full 1):
 garbage-first heap   total 112640K, used 28814K [0x000000008a800000, 0x0000000100000000)
  region size 1024K, 1 young (1024K), 1 survivors (1024K)
 Metaspace       used 82776K, committed 83328K, reserved 1122304K
  class space    used 10161K, committed 10496K, reserved 1048576K
}
Event: 7384.747 GC heap before
{Heap before GC invocations=119 (full 1):
 garbage-first heap   total 112640K, used 32910K [0x000000008a800000, 0x0000000100000000)
  region size 1024K, 5 young (5120K), 1 survivors (1024K)
 Metaspace       used 82776K, committed 83328K, reserved 1122304K
  class space    used 10161K, committed 10496K, reserved 1048576K
}
Event: 7384.751 GC heap after
{Heap after GC invocations=120 (full 1):
 garbage-first heap   total 112640K, used 28596K [0x000000008a800000, 0x0000000100000000)
  region size 1024K, 1 young (1024K), 1 survivors (1024K)
 Metaspace       used 82776K, committed 83328K, reserved 1122304K
  class space    used 10161K, committed 10496K, reserved 1048576K
}

Dll operation events (9 events):
Event: 0.014 Loaded shared library C:\eclipse-jee-2023-03-R-win32-x86_64\eclipse\plugins\org.eclipse.justj.openjdk.hotspot.jre.full.win32.x86_64_17.0.6.v20230204-1729\jre\bin\java.dll
Event: 0.270 Loaded shared library C:\eclipse-jee-2023-03-R-win32-x86_64\eclipse\plugins\org.eclipse.justj.openjdk.hotspot.jre.full.win32.x86_64_17.0.6.v20230204-1729\jre\bin\net.dll
Event: 0.274 Loaded shared library C:\eclipse-jee-2023-03-R-win32-x86_64\eclipse\plugins\org.eclipse.justj.openjdk.hotspot.jre.full.win32.x86_64_17.0.6.v20230204-1729\jre\bin\nio.dll
Event: 0.285 Loaded shared library C:\eclipse-jee-2023-03-R-win32-x86_64\eclipse\plugins\org.eclipse.justj.openjdk.hotspot.jre.full.win32.x86_64_17.0.6.v20230204-1729\jre\bin\zip.dll
Event: 0.489 Loaded shared library C:\eclipse-jee-2023-03-R-win32-x86_64\eclipse\plugins\org.eclipse.justj.openjdk.hotspot.jre.full.win32.x86_64_17.0.6.v20230204-1729\jre\bin\jimage.dll
Event: 1.009 Loaded shared library C:\eclipse-jee-2023-03-R-win32-x86_64\eclipse\plugins\org.eclipse.justj.openjdk.hotspot.jre.full.win32.x86_64_17.0.6.v20230204-1729\jre\bin\management.dll
Event: 1.017 Loaded shared library C:\eclipse-jee-2023-03-R-win32-x86_64\eclipse\plugins\org.eclipse.justj.openjdk.hotspot.jre.full.win32.x86_64_17.0.6.v20230204-1729\jre\bin\management_ext.dll
Event: 5.103 Loaded shared library C:\eclipse-jee-2023-03-R-win32-x86_64\eclipse\plugins\org.eclipse.justj.openjdk.hotspot.jre.full.win32.x86_64_17.0.6.v20230204-1729\jre\bin\sunmscapi.dll
Event: 7.102 Loaded shared library C:\eclipse-jee-2023-03-R-win32-x86_64\eclipse\plugins\org.eclipse.justj.openjdk.hotspot.jre.full.win32.x86_64_17.0.6.v20230204-1729\jre\bin\verify.dll

Deoptimization events (20 events):
Event: 7365.789 Thread 0x0000014cfde8ebd0 Uncommon trap: reason=array_check action=maybe_recompile pc=0x0000014c8827f33c method=com.zaxxer.hikari.util.FastList.add(Ljava/lang/Object;)Z @ 28 c2
Event: 7365.789 Thread 0x0000014cfde89ed0 Uncommon trap: reason=array_check action=maybe_recompile pc=0x0000014c8827f33c method=com.zaxxer.hikari.util.FastList.add(Ljava/lang/Object;)Z @ 28 c2
Event: 7365.789 Thread 0x0000014cfde8ebd0 DEOPT PACKING pc=0x0000014c8827f33c sp=0x0000003249afce30
Event: 7365.789 Thread 0x0000014cfde89ed0 DEOPT PACKING pc=0x0000014c8827f33c sp=0x0000003249cfd190
Event: 7365.789 Thread 0x0000014cfde8ebd0 DEOPT UNPACKING pc=0x0000014c875869a3 sp=0x0000003249afca48 mode 2
Event: 7365.789 Thread 0x0000014cfde89ed0 DEOPT UNPACKING pc=0x0000014c875869a3 sp=0x0000003249cfcda8 mode 2
Event: 7365.790 Thread 0x0000014cfde8a3a0 Uncommon trap: trap_request=0xffffffd6 fr.pc=0x0000014c8827f33c relative=0x0000000000001f3c
Event: 7365.790 Thread 0x0000014cfde8a3a0 Uncommon trap: reason=array_check action=maybe_recompile pc=0x0000014c8827f33c method=com.zaxxer.hikari.util.FastList.add(Ljava/lang/Object;)Z @ 28 c2
Event: 7365.790 Thread 0x0000014cfde8a3a0 DEOPT PACKING pc=0x0000014c8827f33c sp=0x0000003249ffcba0
Event: 7365.790 Thread 0x0000014cfde8a3a0 DEOPT UNPACKING pc=0x0000014c875869a3 sp=0x0000003249ffc7b8 mode 2
Event: 7365.798 Thread 0x0000014cfde89060 Uncommon trap: trap_request=0xffffffd6 fr.pc=0x0000014c8827f33c relative=0x0000000000001f3c
Event: 7365.798 Thread 0x0000014cfde8c080 Uncommon trap: trap_request=0xffffffd6 fr.pc=0x0000014c8827f33c relative=0x0000000000001f3c
Event: 7365.798 Thread 0x0000014cfde89060 Uncommon trap: reason=array_check action=maybe_recompile pc=0x0000014c8827f33c method=com.zaxxer.hikari.util.FastList.add(Ljava/lang/Object;)Z @ 28 c2
Event: 7365.798 Thread 0x0000014cfde8c080 Uncommon trap: reason=array_check action=maybe_recompile pc=0x0000014c8827f33c method=com.zaxxer.hikari.util.FastList.add(Ljava/lang/Object;)Z @ 28 c2
Event: 7365.798 Thread 0x0000014cfde89060 DEOPT PACKING pc=0x0000014c8827f33c sp=0x0000003249dfcff0
Event: 7365.798 Thread 0x0000014cfde89060 DEOPT UNPACKING pc=0x0000014c875869a3 sp=0x0000003249dfcc08 mode 2
Event: 7365.798 Thread 0x0000014cfde8c080 DEOPT PACKING pc=0x0000014c8827f33c sp=0x0000003249efcc90
Event: 7365.798 Thread 0x0000014cfde8c080 DEOPT UNPACKING pc=0x0000014c875869a3 sp=0x0000003249efc8a8 mode 2
Event: 7368.000 Thread 0x0000014cfde8c080 DEOPT PACKING pc=0x0000014c80ec103d sp=0x0000003249efe6a0
Event: 7368.000 Thread 0x0000014cfde8c080 DEOPT UNPACKING pc=0x0000014c87587143 sp=0x0000003249efdac0 mode 0

Classes unloaded (20 events):
Event: 7353.812 Thread 0x0000014cf8e4c6f0 Unloading class 0x0000000100365800 'java/lang/invoke/LambdaForm$MH+0x0000000100365800'
Event: 7353.812 Thread 0x0000014cf8e4c6f0 Unloading class 0x0000000100365400 'java/lang/invoke/LambdaForm$MH+0x0000000100365400'
Event: 7353.812 Thread 0x0000014cf8e4c6f0 Unloading class 0x0000000100365000 'java/lang/invoke/LambdaForm$MH+0x0000000100365000'
Event: 7353.812 Thread 0x0000014cf8e4c6f0 Unloading class 0x0000000100328000 'jdk/internal/reflect/GeneratedConstructorAccessor9'
Event: 7353.812 Thread 0x0000014cf8e4c6f0 Unloading class 0x0000000100316400 'jdk/internal/reflect/GeneratedConstructorAccessor8'
Event: 7353.812 Thread 0x0000014cf8e4c6f0 Unloading class 0x0000000100316000 'jdk/internal/reflect/GeneratedConstructorAccessor7'
Event: 7353.813 Thread 0x0000014cf8e4c6f0 Unloading class 0x0000000100315c00 'jdk/internal/reflect/GeneratedConstructorAccessor6'
Event: 7353.813 Thread 0x0000014cf8e4c6f0 Unloading class 0x0000000100315000 'java/lang/invoke/LambdaForm$MH+0x0000000100315000'
Event: 7353.813 Thread 0x0000014cf8e4c6f0 Unloading class 0x0000000100314c00 'java/lang/invoke/LambdaForm$MH+0x0000000100314c00'
Event: 7353.813 Thread 0x0000014cf8e4c6f0 Unloading class 0x0000000100314800 'java/lang/invoke/LambdaForm$MH+0x0000000100314800'
Event: 7353.813 Thread 0x0000014cf8e4c6f0 Unloading class 0x0000000100314400 'java/lang/invoke/LambdaForm$MH+0x0000000100314400'
Event: 7353.813 Thread 0x0000014cf8e4c6f0 Unloading class 0x0000000100308c00 'java/lang/invoke/LambdaForm$MH+0x0000000100308c00'
Event: 7353.813 Thread 0x0000014cf8e4c6f0 Unloading class 0x0000000100308800 'jdk/internal/reflect/GeneratedConstructorAccessor5'
Event: 7353.813 Thread 0x0000014cf8e4c6f0 Unloading class 0x0000000100299000 'java/lang/invoke/LambdaForm$DMH+0x0000000100299000'
Event: 7353.813 Thread 0x0000014cf8e4c6f0 Unloading class 0x00000001001a8000 'java/lang/invoke/LambdaForm$DMH+0x00000001001a8000'
Event: 7353.813 Thread 0x0000014cf8e4c6f0 Unloading class 0x0000000100099400 'java/lang/invoke/LambdaForm$MH+0x0000000100099400'
Event: 7353.813 Thread 0x0000014cf8e4c6f0 Unloading class 0x0000000100099000 'java/lang/invoke/LambdaForm$MH+0x0000000100099000'
Event: 7353.813 Thread 0x0000014cf8e4c6f0 Unloading class 0x0000000100098c00 'java/lang/invoke/LambdaForm$MH+0x0000000100098c00'
Event: 7353.813 Thread 0x0000014cf8e4c6f0 Unloading class 0x0000000100098800 'java/lang/invoke/LambdaForm$MH+0x0000000100098800'
Event: 7353.813 Thread 0x0000014cf8e4c6f0 Unloading class 0x0000000100098400 'java/lang/invoke/LambdaForm$MH+0x0000000100098400'

Classes redefined (0 events):
No events

Internal exceptions (20 events):
Event: 6418.001 Thread 0x0000014cfde8a870 Implicit null exception at 0x0000014c87ffda93 to 0x0000014c87ffdd24
Event: 7272.845 Thread 0x0000014cfde8ebd0 Exception <a 'java/lang/NoSuchMethodError'{0x000000008fdc5288}: 'void java.lang.invoke.DirectMethodHandle$Holder.invokeSpecialIFC(java.lang.Object, java.lang.Object, int, java.lang.Object, java.lang.Object, java.lang.Object, java.lang.Object)'> (0x000000008fdc5288) 
thrown [s\src\hotspot\share\interpreter\linkResolver.cpp, line 759]
Event: 7339.850 Thread 0x0000014cfde8c080 Exception <a 'java/lang/reflect/InvocationTargetException'{0x000000008fa8f7a0}> (0x000000008fa8f7a0) 
thrown [s\src\hotspot\share\runtime\reflection.cpp, line 1121]
Event: 7352.829 Thread 0x0000014cfde8b6e0 Exception <a 'java/lang/reflect/InvocationTargetException'{0x000000008f91ae30}> (0x000000008f91ae30) 
thrown [s\src\hotspot\share\runtime\reflection.cpp, line 1121]
Event: 7352.841 Thread 0x0000014cfde8a3a0 Exception <a 'java/lang/reflect/InvocationTargetException'{0x000000008f9b3f98}> (0x000000008f9b3f98) 
thrown [s\src\hotspot\share\runtime\reflection.cpp, line 1121]
Event: 7352.842 Thread 0x0000014cfde8dd60 Exception <a 'java/lang/reflect/InvocationTargetException'{0x000000009028b568}> (0x000000009028b568) 
thrown [s\src\hotspot\share\runtime\reflection.cpp, line 1121]
Event: 7352.847 Thread 0x0000014cfde89a00 Exception <a 'java/lang/reflect/InvocationTargetException'{0x000000008f9c4be0}> (0x000000008f9c4be0) 
thrown [s\src\hotspot\share\runtime\reflection.cpp, line 1121]
Event: 7352.853 Thread 0x0000014cfde8c550 Exception <a 'java/lang/reflect/InvocationTargetException'{0x000000008f877ba8}> (0x000000008f877ba8) 
thrown [s\src\hotspot\share\runtime\reflection.cpp, line 1121]
Event: 7352.854 Thread 0x0000014cfde8ebd0 Exception <a 'java/lang/reflect/InvocationTargetException'{0x000000008f839050}> (0x000000008f839050) 
thrown [s\src\hotspot\share\runtime\reflection.cpp, line 1121]
Event: 7352.861 Thread 0x0000014cfde89060 Exception <a 'java/lang/reflect/InvocationTargetException'{0x000000008f8d5900}> (0x000000008f8d5900) 
thrown [s\src\hotspot\share\runtime\reflection.cpp, line 1121]
Event: 7352.894 Thread 0x0000014cfde89530 Exception <a 'java/lang/reflect/InvocationTargetException'{0x000000008f784e80}> (0x000000008f784e80) 
thrown [s\src\hotspot\share\runtime\reflection.cpp, line 1121]
Event: 7352.899 Thread 0x0000014cfde8c080 Exception <a 'java/lang/reflect/InvocationTargetException'{0x000000008f77e4a0}> (0x000000008f77e4a0) 
thrown [s\src\hotspot\share\runtime\reflection.cpp, line 1121]
Event: 7352.906 Thread 0x0000014cfde89530 Exception <a 'java/lang/reflect/InvocationTargetException'{0x000000008f7e19a0}> (0x000000008f7e19a0) 
thrown [s\src\hotspot\share\runtime\reflection.cpp, line 1121]
Event: 7352.910 Thread 0x0000014cfde89ed0 Exception <a 'java/lang/reflect/InvocationTargetException'{0x000000008f7e63f0}> (0x000000008f7e63f0) 
thrown [s\src\hotspot\share\runtime\reflection.cpp, line 1121]
Event: 7352.946 Thread 0x0000014cfde8dd60 Exception <a 'java/lang/reflect/InvocationTargetException'{0x000000008f847bb8}> (0x000000008f847bb8) 
thrown [s\src\hotspot\share\runtime\reflection.cpp, line 1121]
Event: 7352.947 Thread 0x0000014cfde8ebd0 Exception <a 'java/lang/reflect/InvocationTargetException'{0x000000008f6f1058}> (0x000000008f6f1058) 
thrown [s\src\hotspot\share\runtime\reflection.cpp, line 1121]
Event: 7352.949 Thread 0x0000014cfde8a3a0 Exception <a 'java/lang/reflect/InvocationTargetException'{0x000000008f6ff848}> (0x000000008f6ff848) 
thrown [s\src\hotspot\share\runtime\reflection.cpp, line 1121]
Event: 7352.950 Thread 0x0000014cfde8c550 Exception <a 'java/lang/reflect/InvocationTargetException'{0x000000008f6c7e70}> (0x000000008f6c7e70) 
thrown [s\src\hotspot\share\runtime\reflection.cpp, line 1121]
Event: 7352.950 Thread 0x0000014cfde89060 Exception <a 'java/lang/reflect/InvocationTargetException'{0x000000008f6fc8f8}> (0x000000008f6fc8f8) 
thrown [s\src\hotspot\share\runtime\reflection.cpp, line 1121]
Event: 7352.960 Thread 0x0000014cfde89a00 Exception <a 'java/lang/reflect/InvocationTargetException'{0x000000008f6def20}> (0x000000008f6def20) 
thrown [s\src\hotspot\share\runtime\reflection.cpp, line 1121]

VM Operations (20 events):
Event: 7382.357 Executing VM operation: G1CollectForAllocation
Event: 7382.360 Executing VM operation: G1CollectForAllocation done
Event: 7382.392 Executing VM operation: G1Concurrent
Event: 7382.401 Executing VM operation: G1Concurrent done
Event: 7382.417 Executing VM operation: G1Concurrent
Event: 7382.417 Executing VM operation: G1Concurrent done
Event: 7383.115 Executing VM operation: G1CollectForAllocation
Event: 7383.116 Executing VM operation: G1CollectForAllocation done
Event: 7383.161 Executing VM operation: G1CollectForAllocation
Event: 7383.165 Executing VM operation: G1CollectForAllocation done
Event: 7383.926 Executing VM operation: G1CollectForAllocation
Event: 7383.928 Executing VM operation: G1CollectForAllocation done
Event: 7383.961 Executing VM operation: G1Concurrent
Event: 7383.969 Executing VM operation: G1Concurrent done
Event: 7383.984 Executing VM operation: G1Concurrent
Event: 7383.984 Executing VM operation: G1Concurrent done
Event: 7384.708 Executing VM operation: G1CollectForAllocation
Event: 7384.709 Executing VM operation: G1CollectForAllocation done
Event: 7384.747 Executing VM operation: G1CollectForAllocation
Event: 7384.751 Executing VM operation: G1CollectForAllocation done

Events (20 events):
Event: 7385.403 loading class jdk/internal/reflect/GeneratedMethodAccessor39
Event: 7385.403 loading class jdk/internal/reflect/GeneratedMethodAccessor39 done
Event: 7385.403 loading class jdk/internal/reflect/GeneratedMethodAccessor39
Event: 7385.403 loading class jdk/internal/reflect/GeneratedMethodAccessor39 done
Event: 7385.404 loading class jdk/internal/reflect/GeneratedMethodAccessor39
Event: 7385.404 loading class jdk/internal/reflect/GeneratedMethodAccessor39 done
Event: 7385.405 loading class jdk/internal/reflect/GeneratedMethodAccessor39
Event: 7385.405 loading class jdk/internal/reflect/GeneratedMethodAccessor39 done
Event: 7385.406 loading class jdk/internal/reflect/GeneratedMethodAccessor39
Event: 7385.406 loading class jdk/internal/reflect/GeneratedMethodAccessor39 done
Event: 7385.406 loading class jdk/internal/reflect/GeneratedMethodAccessor39
Event: 7385.406 loading class jdk/internal/reflect/GeneratedMethodAccessor39 done
Event: 7385.407 loading class jdk/internal/reflect/GeneratedMethodAccessor39
Event: 7385.407 loading class jdk/internal/reflect/GeneratedMethodAccessor39 done
Event: 7385.407 loading class jdk/internal/reflect/GeneratedMethodAccessor39
Event: 7385.407 loading class jdk/internal/reflect/GeneratedMethodAccessor39 done
Event: 7385.408 loading class jdk/internal/reflect/GeneratedMethodAccessor39
Event: 7385.408 loading class jdk/internal/reflect/GeneratedMethodAccessor39 done
Event: 7385.409 loading class jdk/internal/reflect/GeneratedMethodAccessor39
Event: 7385.409 loading class jdk/internal/reflect/GeneratedMethodAccessor39 done


Dynamic libraries:
0x00007ff7922b0000 - 0x00007ff7922be000 	C:\eclipse-jee-2023-03-R-win32-x86_64\eclipse\plugins\org.eclipse.justj.openjdk.hotspot.jre.full.win32.x86_64_17.0.6.v20230204-1729\jre\bin\javaw.exe
0x00007ffdaabd0000 - 0x00007ffdaade4000 	C:\windows\SYSTEM32\ntdll.dll
0x00007ffda9400000 - 0x00007ffda94c4000 	C:\windows\System32\KERNEL32.DLL
0x00007ffda83d0000 - 0x00007ffda8774000 	C:\windows\System32\KERNELBASE.dll
0x00007ffda87f0000 - 0x00007ffda8901000 	C:\windows\System32\ucrtbase.dll
0x00007ffd77090000 - 0x00007ffd770a7000 	C:\eclipse-jee-2023-03-R-win32-x86_64\eclipse\plugins\org.eclipse.justj.openjdk.hotspot.jre.full.win32.x86_64_17.0.6.v20230204-1729\jre\bin\jli.dll
0x00007ffd77070000 - 0x00007ffd77089000 	C:\eclipse-jee-2023-03-R-win32-x86_64\eclipse\plugins\org.eclipse.justj.openjdk.hotspot.jre.full.win32.x86_64_17.0.6.v20230204-1729\jre\bin\VCRUNTIME140.dll
0x00007ffda9990000 - 0x00007ffda9b3a000 	C:\windows\System32\USER32.dll
0x00007ffda83a0000 - 0x00007ffda83c6000 	C:\windows\System32\win32u.dll
0x00007ffd898b0000 - 0x00007ffd89b3f000 	C:\windows\WinSxS\amd64_microsoft.windows.common-controls_6595b64144ccf1df_6.0.22621.2070_none_2713e6537381f706\COMCTL32.dll
0x00007ffdaa3d0000 - 0x00007ffdaa3f9000 	C:\windows\System32\GDI32.dll
0x00007ffda8120000 - 0x00007ffda8239000 	C:\windows\System32\gdi32full.dll
0x00007ffdaa090000 - 0x00007ffdaa137000 	C:\windows\System32\msvcrt.dll
0x00007ffda8240000 - 0x00007ffda82da000 	C:\windows\System32\msvcp_win.dll
0x00007ffdaab50000 - 0x00007ffdaab81000 	C:\windows\System32\IMM32.DLL
0x00007ffd87c40000 - 0x00007ffd87c4c000 	C:\eclipse-jee-2023-03-R-win32-x86_64\eclipse\plugins\org.eclipse.justj.openjdk.hotspot.jre.full.win32.x86_64_17.0.6.v20230204-1729\jre\bin\vcruntime140_1.dll
0x00007ffd4db10000 - 0x00007ffd4dba1000 	C:\eclipse-jee-2023-03-R-win32-x86_64\eclipse\plugins\org.eclipse.justj.openjdk.hotspot.jre.full.win32.x86_64_17.0.6.v20230204-1729\jre\bin\msvcp140.dll
0x00007ffd3b330000 - 0x00007ffd3bf77000 	C:\eclipse-jee-2023-03-R-win32-x86_64\eclipse\plugins\org.eclipse.justj.openjdk.hotspot.jre.full.win32.x86_64_17.0.6.v20230204-1729\jre\bin\server\jvm.dll
0x00007ffda8a10000 - 0x00007ffda8ac0000 	C:\windows\System32\ADVAPI32.dll
0x00007ffda9b60000 - 0x00007ffda9c06000 	C:\windows\System32\sechost.dll
0x00007ffda92e0000 - 0x00007ffda93f7000 	C:\windows\System32\RPCRT4.dll
0x00007ffda03d0000 - 0x00007ffda0404000 	C:\windows\SYSTEM32\WINMM.dll
0x00007ffda2090000 - 0x00007ffda2099000 	C:\windows\SYSTEM32\WSOCK32.dll
0x00007ffd9d9d0000 - 0x00007ffd9d9da000 	C:\windows\SYSTEM32\VERSION.dll
0x00007ffdaa470000 - 0x00007ffdaa4e1000 	C:\windows\System32\WS2_32.dll
0x00007ffda70b0000 - 0x00007ffda70c8000 	C:\windows\SYSTEM32\kernel.appcore.dll
0x00007ffda15f0000 - 0x00007ffda15fa000 	C:\eclipse-jee-2023-03-R-win32-x86_64\eclipse\plugins\org.eclipse.justj.openjdk.hotspot.jre.full.win32.x86_64_17.0.6.v20230204-1729\jre\bin\jimage.dll
0x00007ffd9bea0000 - 0x00007ffd9c0ce000 	C:\windows\SYSTEM32\DBGHELP.DLL
0x00007ffda94d0000 - 0x00007ffda985a000 	C:\windows\System32\combase.dll
0x00007ffdaa4f0000 - 0x00007ffdaa5c7000 	C:\windows\System32\OLEAUT32.dll
0x00007ffd9b7d0000 - 0x00007ffd9b802000 	C:\windows\SYSTEM32\dbgcore.DLL
0x00007ffda8910000 - 0x00007ffda898a000 	C:\windows\System32\bcryptPrimitives.dll
0x00007ffd96d70000 - 0x00007ffd96d95000 	C:\eclipse-jee-2023-03-R-win32-x86_64\eclipse\plugins\org.eclipse.justj.openjdk.hotspot.jre.full.win32.x86_64_17.0.6.v20230204-1729\jre\bin\java.dll
0x00007ffd94d60000 - 0x00007ffd94d78000 	C:\eclipse-jee-2023-03-R-win32-x86_64\eclipse\plugins\org.eclipse.justj.openjdk.hotspot.jre.full.win32.x86_64_17.0.6.v20230204-1729\jre\bin\zip.dll
0x00007ffda8ac0000 - 0x00007ffda92d6000 	C:\windows\System32\SHELL32.dll
0x00007ffda5f40000 - 0x00007ffda682a000 	C:\windows\SYSTEM32\windows.storage.dll
0x00007ffda5e00000 - 0x00007ffda5f3e000 	C:\windows\SYSTEM32\wintypes.dll
0x00007ffdaa5d0000 - 0x00007ffdaa6c3000 	C:\windows\System32\SHCORE.dll
0x00007ffdaa400000 - 0x00007ffdaa45e000 	C:\windows\System32\shlwapi.dll
0x00007ffda7ee0000 - 0x00007ffda7f06000 	C:\windows\SYSTEM32\profapi.dll
0x00007ffd94d40000 - 0x00007ffd94d59000 	C:\eclipse-jee-2023-03-R-win32-x86_64\eclipse\plugins\org.eclipse.justj.openjdk.hotspot.jre.full.win32.x86_64_17.0.6.v20230204-1729\jre\bin\net.dll
0x00007ffda1d30000 - 0x00007ffda1e67000 	C:\windows\SYSTEM32\WINHTTP.dll
0x00007ffda7560000 - 0x00007ffda75c9000 	C:\windows\system32\mswsock.dll
0x00007ffd94d20000 - 0x00007ffd94d35000 	C:\eclipse-jee-2023-03-R-win32-x86_64\eclipse\plugins\org.eclipse.justj.openjdk.hotspot.jre.full.win32.x86_64_17.0.6.v20230204-1729\jre\bin\nio.dll
0x00007ffd7f140000 - 0x00007ffd7f149000 	C:\eclipse-jee-2023-03-R-win32-x86_64\eclipse\plugins\org.eclipse.justj.openjdk.hotspot.jre.full.win32.x86_64_17.0.6.v20230204-1729\jre\bin\management.dll
0x00007ffd7d710000 - 0x00007ffd7d71b000 	C:\eclipse-jee-2023-03-R-win32-x86_64\eclipse\plugins\org.eclipse.justj.openjdk.hotspot.jre.full.win32.x86_64_17.0.6.v20230204-1729\jre\bin\management_ext.dll
0x00007ffdaa220000 - 0x00007ffdaa228000 	C:\windows\System32\PSAPI.DLL
0x00007ffda77b0000 - 0x00007ffda77cb000 	C:\windows\SYSTEM32\CRYPTSP.dll
0x00007ffda7020000 - 0x00007ffda7055000 	C:\windows\system32\rsaenh.dll
0x00007ffda7650000 - 0x00007ffda767c000 	C:\windows\SYSTEM32\USERENV.dll
0x00007ffda7970000 - 0x00007ffda7998000 	C:\windows\SYSTEM32\bcrypt.dll
0x00007ffda77d0000 - 0x00007ffda77dc000 	C:\windows\SYSTEM32\CRYPTBASE.dll
0x00007ffda6b00000 - 0x00007ffda6b2d000 	C:\windows\SYSTEM32\IPHLPAPI.DLL
0x00007ffda9980000 - 0x00007ffda9989000 	C:\windows\System32\NSI.dll
0x00007ffda1d10000 - 0x00007ffda1d29000 	C:\windows\SYSTEM32\dhcpcsvc6.DLL
0x00007ffda1b70000 - 0x00007ffda1b8f000 	C:\windows\SYSTEM32\dhcpcsvc.DLL
0x00007ffda6b70000 - 0x00007ffda6c63000 	C:\windows\SYSTEM32\DNSAPI.dll
0x00007ffd94d10000 - 0x00007ffd94d1e000 	C:\eclipse-jee-2023-03-R-win32-x86_64\eclipse\plugins\org.eclipse.justj.openjdk.hotspot.jre.full.win32.x86_64_17.0.6.v20230204-1729\jre\bin\sunmscapi.dll
0x00007ffda7fb0000 - 0x00007ffda8117000 	C:\windows\System32\CRYPT32.dll
0x00007ffda7940000 - 0x00007ffda796e000 	C:\windows\SYSTEM32\ncrypt.dll
0x00007ffda7900000 - 0x00007ffda7937000 	C:\windows\SYSTEM32\NTASN1.dll
0x00007ffd956f0000 - 0x00007ffd95700000 	C:\eclipse-jee-2023-03-R-win32-x86_64\eclipse\plugins\org.eclipse.justj.openjdk.hotspot.jre.full.win32.x86_64_17.0.6.v20230204-1729\jre\bin\verify.dll
0x00007ffd83800000 - 0x00007ffd83808000 	C:\windows\system32\wshunix.dll
0x00007ffd844b0000 - 0x00007ffd844c7000 	C:\windows\system32\napinsp.dll
0x00007ffd84490000 - 0x00007ffd844ab000 	C:\windows\system32\pnrpnsp.dll
0x00007ffd84410000 - 0x00007ffd84421000 	C:\windows\System32\winrnr.dll
0x00007ffda06d0000 - 0x00007ffda06e5000 	C:\windows\system32\wshbth.dll
0x00007ffd843e0000 - 0x00007ffd84401000 	C:\windows\system32\nlansp_c.dll
0x00007ffda1410000 - 0x00007ffda141a000 	C:\Windows\System32\rasadhlp.dll
0x00007ffda0340000 - 0x00007ffda03c4000 	C:\windows\System32\fwpuclnt.dll

dbghelp: loaded successfully - version: 4.0.5 - missing functions: none
symbol engine: initialized successfully - sym options: 0x614 - pdb path: .;C:\eclipse-jee-2023-03-R-win32-x86_64\eclipse\plugins\org.eclipse.justj.openjdk.hotspot.jre.full.win32.x86_64_17.0.6.v20230204-1729\jre\bin;C:\windows\SYSTEM32;C:\windows\WinSxS\amd64_microsoft.windows.common-controls_6595b64144ccf1df_6.0.22621.2070_none_2713e6537381f706;C:\eclipse-jee-2023-03-R-win32-x86_64\eclipse\plugins\org.eclipse.justj.openjdk.hotspot.jre.full.win32.x86_64_17.0.6.v20230204-1729\jre\bin\server

VM Arguments:
jvm_args: -Dfile.encoding=UTF-8 -XX:+ShowCodeDetailsInExceptionMessages 
java_command: com.quizApp.Quiz_app.QuizAppApplication
java_class_path (initial): C:\Users\aryan\Desktop\Quiz_app\target\classes;C:\Users\aryan\.m2\repository\org\springframework\boot\spring-boot-starter-data-jpa\3.1.0\spring-boot-starter-data-jpa-3.1.0.jar;C:\Users\aryan\.m2\repository\org\springframework\boot\spring-boot-starter-aop\3.1.0\spring-boot-starter-aop-3.1.0.jar;C:\Users\aryan\.m2\repository\org\springframework\spring-aop\6.0.9\spring-aop-6.0.9.jar;C:\Users\aryan\.m2\repository\org\aspectj\aspectjweaver\1.9.19\aspectjweaver-1.9.19.jar;C:\Users\aryan\.m2\repository\org\springframework\boot\spring-boot-starter-jdbc\3.1.0\spring-boot-starter-jdbc-3.1.0.jar;C:\Users\aryan\.m2\repository\com\zaxxer\HikariCP\5.0.1\HikariCP-5.0.1.jar;C:\Users\aryan\.m2\repository\org\springframework\spring-jdbc\6.0.9\spring-jdbc-6.0.9.jar;C:\Users\aryan\.m2\repository\org\hibernate\orm\hibernate-core\6.2.2.Final\hibernate-core-6.2.2.Final.jar;C:\Users\aryan\.m2\repository\jakarta\persistence\jakarta.persistence-api\3.1.0\jakarta.persistence-api-3.1.0.jar;C:\Users\aryan\.m2\repository\jakarta\transaction\jakarta.transaction-api\2.0.1\jakarta.transaction-api-2.0.1.jar;C:\Users\aryan\.m2\repository\org\jboss\logging\jboss-logging\3.5.0.Final\jboss-logging-3.5.0.Final.jar;C:\Users\aryan\.m2\repository\org\hibernate\common\hibernate-commons-annotations\6.0.6.Final\hibernate-commons-annotations-6.0.6.Final.jar;C:\Users\aryan\.m2\repository\io\smallrye\jandex\3.0.5\jandex-3.0.5.jar;C:\Users\aryan\.m2\repository\com\fasterxml\classmate\1.5.1\classmate-1.5.1.jar;C:\Users\aryan\.m2\repository\net\bytebuddy\byte-buddy\1.14.4\byte-buddy-1.14.4.jar;C:\Users\aryan\.m2\repository\org\glassfish\jaxb\jaxb-runtime\4.0.2\jaxb-runtime-4.0.2.jar;C:\Users\aryan\.m2\repository\org\glassfish\jaxb\jaxb-core\4.0.2\jaxb-core-4.0.2.jar;C:\Users\aryan\.m2\repository\org\eclipse\angus\angus-activation\2.0.0\angus-activation-2.0.0.jar;C:\Users\aryan\.m2\repository\org\glassfish\jaxb\txw2\4.0.2\txw2-4.0.2.jar;C:\Users\aryan\.m2\repository\com\sun\istack\istack-
Launcher Type: SUN_STANDARD

[Global flags]
     intx CICompilerCount                          = 4                                         {product} {ergonomic}
     uint ConcGCThreads                            = 3                                         {product} {ergonomic}
     uint G1ConcRefinementThreads                  = 10                                        {product} {ergonomic}
   size_t G1HeapRegionSize                         = 1048576                                   {product} {ergonomic}
    uintx GCDrainStackTargetSize                   = 64                                        {product} {ergonomic}
   size_t InitialHeapSize                          = 123731968                                 {product} {ergonomic}
   size_t MarkStackSize                            = 4194304                                   {product} {ergonomic}
   size_t MaxHeapSize                              = 1971322880                                {product} {ergonomic}
   size_t MaxNewSize                               = 1182793728                                {product} {ergonomic}
   size_t MinHeapDeltaBytes                        = 1048576                                   {product} {ergonomic}
   size_t MinHeapSize                              = 8388608                                   {product} {ergonomic}
    uintx NonNMethodCodeHeapSize                   = 5839372                                {pd product} {ergonomic}
    uintx NonProfiledCodeHeapSize                  = 122909434                              {pd product} {ergonomic}
    uintx ProfiledCodeHeapSize                     = 122909434                              {pd product} {ergonomic}
    uintx ReservedCodeCacheSize                    = 251658240                              {pd product} {ergonomic}
     bool SegmentedCodeCache                       = true                                      {product} {ergonomic}
     bool ShowCodeDetailsInExceptionMessages       = true                                   {manageable} {command line}
   size_t SoftMaxHeapSize                          = 1971322880                             {manageable} {ergonomic}
     bool UseCompressedClassPointers               = true                           {product lp64_product} {ergonomic}
     bool UseCompressedOops                        = true                           {product lp64_product} {ergonomic}
     bool UseG1GC                                  = true                                      {product} {ergonomic}
     bool UseLargePagesIndividualAllocation        = false                                  {pd product} {ergonomic}

Logging:
Log output configuration:
 #0: stdout all=warning uptime,level,tags
 #1: stderr all=off uptime,level,tags

Environment Variables:
PATH=C:/eclipse-jee-2023-03-R-win32-x86_64/eclipse//plugins/org.eclipse.justj.openjdk.hotspot.jre.full.win32.x86_64_17.0.6.v20230204-1729/jre/bin/server;C:/eclipse-jee-2023-03-R-win32-x86_64/eclipse//plugins/org.eclipse.justj.openjdk.hotspot.jre.full.win32.x86_64_17.0.6.v20230204-1729/jre/bin;C:\Python311\Scripts\;C:\Python311\;C:\Program Files\Common Files\Oracle\Java\javapath;C:\windows\system32;C:\windows;C:\windows\System32\Wbem;C:\windows\System32\WindowsPowerShell\v1.0\;C:\windows\System32\OpenSSH\;C:\ProgramData\chocolatey\bin;C:\Program Files\nodejs\;C:\Program Files\Git\cmd;C:\Program Files\PowerShell\7\;C:\Program Files\MySQL\MySQL Shell 8.0\bin\;C:\Users\aryan\AppData\Local\Microsoft\WindowsApps;;C:\Users\aryan\AppData\Local\Programs\Microsoft VS Code\bin;C:\Program Files\JetBrains\IntelliJ IDEA Community Edition 2023.2\bin;;C:\Users\aryan\AppData\Roaming\npm;C:\eclipse-jee-2023-03-R-win32-x86_64\eclipse;
USERNAME=aryan
OS=Windows_NT
PROCESSOR_IDENTIFIER=AMD64 Family 25 Model 80 Stepping 0, AuthenticAMD
TMP=C:\Users\aryan\AppData\Local\Temp
TEMP=C:\Users\aryan\AppData\Local\Temp



---------------  S Y S T E M  ---------------

OS:
 Windows 11 , 64 bit Build 22621 (10.0.22621.2070)
OS uptime: 1 days 3:11 hours
Hyper-V role detected

CPU: total 12 (initial active 12) (12 cores per cpu, 2 threads per core) family 25 model 80 stepping 0 microcode 0x0, cx8, cmov, fxsr, ht, mmx, 3dnowpref, sse, sse2, sse3, ssse3, sse4a, sse4.1, sse4.2, popcnt, lzcnt, tsc, tscinvbit, avx, avx2, aes, erms, clmul, bmi1, bmi2, adx, sha, fma, vzeroupper, clflush, clflushopt, hv

Memory: 4k page, system-wide physical 7519M (194M free)
TotalPageFile size 31071M (AvailPageFile size 0M)
current process WorkingSet (physical memory assigned to process): 312M, peak: 328M
current process commit charge ("private bytes"): 371M, peak: 477M

vm_info: OpenJDK 64-Bit Server VM (17.0.6+10) for windows-amd64 JRE (17.0.6+10), built on Jan 18 2023 10:08:59 by "temurin" with MS VC++ 16.7 (VS2019)

END.
